--- Debug mode ACTIVE ---
Array
(
    [0] => Array
        (
            [0] => Token Object
                (
                    [identif] => .IPPcode23
                    [type] => Types Enum
                        (
                            [name] => Header
                        )

                )

        )

    [1] => Array
        (
            [0] => Token Object
                (
                    [identif] => DEFVAR
                    [type] => Types Enum
                        (
                            [name] => Instruction
                        )

                )

            [1] => Token Object
                (
                    [identif] => GF@a
                    [type] => Types Enum
                        (
                            [name] => Var
                        )

                )

        )

    [2] => Array
        (
            [0] => Token Object
                (
                    [identif] => READ
                    [type] => Types Enum
                        (
                            [name] => Instruction
                        )

                )

            [1] => Token Object
                (
                    [identif] => GF@a
                    [type] => Types Enum
                        (
                            [name] => Var
                        )

                )

            [2] => Token Object
                (
                    [identif] => int
                    [type] => Types Enum
                        (
                            [name] => Type
                        )

                )

        )

    [3] => Array
        (
            [0] => Token Object
                (
                    [identif] => WRITE
                    [type] => Types Enum
                        (
                            [name] => Instruction
                        )

                )

            [1] => Token Object
                (
                    [identif] => GF@a
                    [type] => Types Enum
                        (
                            [name] => Var
                        )

                )

        )

    [4] => Array
        (
            [0] => Token Object
                (
                    [identif] => WRITE
                    [type] => Types Enum
                        (
                            [name] => Instruction
                        )

                )

            [1] => Token Object
                (
                    [identif] => \032<not-tag/>\032
                    [type] => Types Enum
                        (
                            [name] => String
                        )

                )

        )

    [5] => Array
        (
            [0] => Token Object
                (
                    [identif] => WRITE
                    [type] => Types Enum
                        (
                            [name] => Instruction
                        )

                )

            [1] => Token Object
                (
                    [identif] => true
                    [type] => Types Enum
                        (
                            [name] => Bool
                        )

                )

        )

)
